Flow report for DE2_115_Lab
Wed Nov 30 20:14:06 2022
Quartus II 64-Bit Version 13.0.1 Build 232 06/12/2013 Service Pack 1 SJ Full Version


---------------------
; Table of Contents ;
---------------------
  1. Legal Notice
  2. Flow Summary
  3. Flow Settings
  4. Flow Non-Default Global Settings
  5. Flow Elapsed Time
  6. Flow OS Summary
  7. Flow Log
  8. Flow Messages
  9. Flow Suppressed Messages



----------------
; Legal Notice ;
----------------
Copyright (C) 1991-2013 Altera Corporation
Your use of Altera Corporation's design tools, logic functions 
and other software and tools, and its AMPP partner logic 
functions, and any output files from any of the foregoing 
(including device programming or simulation files), and any 
associated documentation or information are expressly subject 
to the terms and conditions of the Altera Program License 
Subscription Agreement, Altera MegaCore Function License 
Agreement, or other applicable license agreement, including, 
without limitation, that your use is for the sole purpose of 
programming logic devices manufactured by Altera and sold by 
Altera or its authorized distributors.  Please refer to the 
applicable agreement for further details.



+---------------------------------------------------------------------------------------+
; Flow Summary                                                                          ;
+------------------------------------+--------------------------------------------------+
; Flow Status                        ; Successful - Wed Nov 30 20:14:02 2022            ;
; Quartus II 64-Bit Version          ; 13.0.1 Build 232 06/12/2013 SP 1 SJ Full Version ;
; Revision Name                      ; DE2_115_Lab                                      ;
; Top-level Entity Name              ; DE2_115_TOP                                      ;
; Family                             ; Cyclone IV E                                     ;
; Device                             ; EP4CE115F29C7                                    ;
; Timing Models                      ; Final                                            ;
; Total logic elements               ; 582 / 114,480 ( < 1 % )                          ;
;     Total combinational functions  ; 541 / 114,480 ( < 1 % )                          ;
;     Dedicated logic registers      ; 370 / 114,480 ( < 1 % )                          ;
; Total registers                    ; 370                                              ;
; Total pins                         ; 525 / 529 ( 99 % )                               ;
; Total virtual pins                 ; 0                                                ;
; Total memory bits                  ; 1,280 / 3,981,312 ( < 1 % )                      ;
; Embedded Multiplier 9-bit elements ; 0 / 532 ( 0 % )                                  ;
; Total PLLs                         ; 0 / 4 ( 0 % )                                    ;
+------------------------------------+--------------------------------------------------+


+-----------------------------------------+
; Flow Settings                           ;
+-------------------+---------------------+
; Option            ; Setting             ;
+-------------------+---------------------+
; Start date & time ; 11/30/2022 20:13:41 ;
; Main task         ; Compilation         ;
; Revision Name     ; DE2_115_Lab         ;
+-------------------+---------------------+


+----------------------------------------------------------------------------------------------------------------+
; Flow Non-Default Global Settings                                                                               ;
+-------------------------------------+-------------------------------+---------------+-------------+------------+
; Assignment Name                     ; Value                         ; Default Value ; Entity Name ; Section Id ;
+-------------------------------------+-------------------------------+---------------+-------------+------------+
; COMPILER_SIGNATURE_ID               ; 9413545030078.166981042102256 ; --            ; --          ; --         ;
; MAX_CORE_JUNCTION_TEMP              ; 85                            ; --            ; --          ; --         ;
; MIN_CORE_JUNCTION_TEMP              ; 0                             ; --            ; --          ; --         ;
; MISC_FILE                           ; DE2_115_GOLDEN_TOP.dpf        ; --            ; --          ; --         ;
; MISC_FILE                           ; DE2_115_Lab.dpf               ; --            ; --          ; --         ;
; NUM_PARALLEL_PROCESSORS             ; 2                             ; --            ; --          ; --         ;
; OUTPUT_IO_TIMING_FAR_END_VMEAS      ; Half Signal Swing             ; --            ; --          ; --         ;
; OUTPUT_IO_TIMING_FAR_END_VMEAS      ; Half Signal Swing             ; --            ; --          ; --         ;
; OUTPUT_IO_TIMING_NEAR_END_VMEAS     ; Half Vccio                    ; --            ; --          ; --         ;
; OUTPUT_IO_TIMING_NEAR_END_VMEAS     ; Half Vccio                    ; --            ; --          ; --         ;
; PARTITION_COLOR                     ; 16764057                      ; --            ; DE2_115_TOP ; Top        ;
; PARTITION_FITTER_PRESERVATION_LEVEL ; PLACEMENT_AND_ROUTING         ; --            ; DE2_115_TOP ; Top        ;
; PARTITION_NETLIST_TYPE              ; SOURCE                        ; --            ; DE2_115_TOP ; Top        ;
; PROJECT_OUTPUT_DIRECTORY            ; ./output                      ; --            ; --          ; --         ;
; SEARCH_PATH                         ; JTAG/                         ; --            ; --          ; --         ;
; SEARCH_PATH                         ; lab/                          ; --            ; --          ; --         ;
; SMART_RECOMPILE                     ; On                            ; Off           ; --          ; --         ;
; TOP_LEVEL_ENTITY                    ; DE2_115_TOP                   ; DE2_115_Lab   ; --          ; --         ;
+-------------------------------------+-------------------------------+---------------+-------------+------------+


+-------------------------------------------------------------------------------------------------------------------------------+
; Flow Elapsed Time                                                                                                             ;
+---------------------------+--------------+-------------------------+---------------------+------------------------------------+
; Module Name               ; Elapsed Time ; Average Processors Used ; Peak Virtual Memory ; Total CPU Time (on all processors) ;
+---------------------------+--------------+-------------------------+---------------------+------------------------------------+
; Analysis & Synthesis      ; 00:00:03     ; 1.0                     ; 4664 MB             ; 00:00:03                           ;
; Fitter                    ; 00:00:13     ; 1.3                     ; 5317 MB             ; 00:00:15                           ;
; Assembler                 ; 00:00:03     ; 1.0                     ; 4576 MB             ; 00:00:03                           ;
; TimeQuest Timing Analyzer ; 00:00:03     ; 1.0                     ; 4687 MB             ; 00:00:03                           ;
; Total                     ; 00:00:22     ; --                      ; --                  ; 00:00:24                           ;
+---------------------------+--------------+-------------------------+---------------------+------------------------------------+


+----------------------------------------------------------------------------------------+
; Flow OS Summary                                                                        ;
+---------------------------+------------------+-----------+------------+----------------+
; Module Name               ; Machine Hostname ; OS Name   ; OS Version ; Processor type ;
+---------------------------+------------------+-----------+------------+----------------+
; Analysis & Synthesis      ; DESKTOP-LROB0NA  ; Windows 7 ; 6.2        ; x86_64         ;
; Fitter                    ; DESKTOP-LROB0NA  ; Windows 7 ; 6.2        ; x86_64         ;
; Assembler                 ; DESKTOP-LROB0NA  ; Windows 7 ; 6.2        ; x86_64         ;
; TimeQuest Timing Analyzer ; DESKTOP-LROB0NA  ; Windows 7 ; 6.2        ; x86_64         ;
+---------------------------+------------------+-----------+------------+----------------+


------------
; Flow Log ;
------------
quartus_map --read_settings_files=on --write_settings_files=off DE2_115_Lab -c DE2_115_Lab
quartus_fit --read_settings_files=off --write_settings_files=off DE2_115_Lab -c DE2_115_Lab
quartus_asm --read_settings_files=off --write_settings_files=off DE2_115_Lab -c DE2_115_Lab
quartus_sta DE2_115_Lab -c DE2_115_Lab



