Analysis & Synthesis report for DE2_115_Lab
Wed Oct 19 19:34:56 2022
Quartus II 64-Bit Version 13.0.1 Build 232 06/12/2013 Service Pack 1 SJ Full Version


---------------------
; Table of Contents ;
---------------------
  1. Legal Notice
  2. Analysis & Synthesis Summary
  3. Analysis & Synthesis Settings
  4. Parallel Compilation
  5. Analysis & Synthesis Source Files Read
  6. Analysis & Synthesis Resource Usage Summary
  7. Analysis & Synthesis Resource Utilization by Entity
  8. Analysis & Synthesis IP Cores Summary
  9. General Register Statistics
 10. Multiplexer Restructuring Statistics (Restructuring Performed)
 11. Source assignments for JtagForDebug:jtagForDebug_inst
 12. Parameter Settings for User Entity Instance: Lab_Top:Lab_inst|ADDER:ADDER_inst
 13. Parameter Settings for User Entity Instance: JtagForDebug:jtagForDebug_inst
 14. Parameter Settings for User Entity Instance: BSC:bsc_SW
 15. Parameter Settings for User Entity Instance: BSC:bsc_KEY
 16. Parameter Settings for User Entity Instance: BSC:bsc_LED
 17. Parameter Settings for User Entity Instance: BSC:bsc_HEX
 18. Port Connectivity Checks: "BSC:bsc_HEX"
 19. Port Connectivity Checks: "BSC:bsc_LED"
 20. Port Connectivity Checks: "GlobalCLK:globalTCK_inst"
 21. Elapsed Time Per Partition
 22. Analysis & Synthesis Messages



----------------
; Legal Notice ;
----------------
Copyright (C) 1991-2013 Altera Corporation
Your use of Altera Corporation's design tools, logic functions 
and other software and tools, and its AMPP partner logic 
functions, and any output files from any of the foregoing 
(including device programming or simulation files), and any 
associated documentation or information are expressly subject 
to the terms and conditions of the Altera Program License 
Subscription Agreement, Altera MegaCore Function License 
Agreement, or other applicable license agreement, including, 
without limitation, that your use is for the sole purpose of 
programming logic devices manufactured by Altera and sold by 
Altera or its authorized distributors.  Please refer to the 
applicable agreement for further details.



+---------------------------------------------------------------------------------------+
; Analysis & Synthesis Summary                                                          ;
+------------------------------------+--------------------------------------------------+
; Analysis & Synthesis Status        ; Successful - Wed Oct 19 19:34:56 2022            ;
; Quartus II 64-Bit Version          ; 13.0.1 Build 232 06/12/2013 SP 1 SJ Full Version ;
; Revision Name                      ; DE2_115_Lab                                      ;
; Top-level Entity Name              ; DE2_115_TOP                                      ;
; Family                             ; Cyclone IV E                                     ;
; Total logic elements               ; 262                                              ;
;     Total combinational functions  ; 244                                              ;
;     Dedicated logic registers      ; 181                                              ;
; Total registers                    ; 181                                              ;
; Total pins                         ; 487                                              ;
; Total virtual pins                 ; 0                                                ;
; Total memory bits                  ; 0                                                ;
; Embedded Multiplier 9-bit elements ; 0                                                ;
; Total PLLs                         ; 0                                                ;
+------------------------------------+--------------------------------------------------+


+----------------------------------------------------------------------------------------------------------------------+
; Analysis & Synthesis Settings                                                                                        ;
+----------------------------------------------------------------------------+--------------------+--------------------+
; Option                                                                     ; Setting            ; Default Value      ;
+----------------------------------------------------------------------------+--------------------+--------------------+
; Device                                                                     ; EP4CE115F29C7      ;                    ;
; Top-level entity name                                                      ; DE2_115_TOP        ; DE2_115_Lab        ;
; Family name                                                                ; Cyclone IV E       ; Stratix II         ;
; Use smart compilation                                                      ; On                 ; Off                ;
; Maximum processors allowed for parallel compilation                        ; 2                  ;                    ;
; Enable parallel Assembler and TimeQuest Timing Analyzer during compilation ; On                 ; On                 ;
; Enable compact report table                                                ; Off                ; Off                ;
; Restructure Multiplexers                                                   ; Auto               ; Auto               ;
; Create Debugging Nodes for IP Cores                                        ; Off                ; Off                ;
; Preserve fewer node names                                                  ; On                 ; On                 ;
; Disable OpenCore Plus hardware evaluation                                  ; Off                ; Off                ;
; Verilog Version                                                            ; Verilog_2001       ; Verilog_2001       ;
; VHDL Version                                                               ; VHDL_1993          ; VHDL_1993          ;
; State Machine Processing                                                   ; Auto               ; Auto               ;
; Safe State Machine                                                         ; Off                ; Off                ;
; Extract Verilog State Machines                                             ; On                 ; On                 ;
; Extract VHDL State Machines                                                ; On                 ; On                 ;
; Ignore Verilog initial constructs                                          ; Off                ; Off                ;
; Iteration limit for constant Verilog loops                                 ; 5000               ; 5000               ;
; Iteration limit for non-constant Verilog loops                             ; 250                ; 250                ;
; Add Pass-Through Logic to Inferred RAMs                                    ; On                 ; On                 ;
; Infer RAMs from Raw Logic                                                  ; On                 ; On                 ;
; Parallel Synthesis                                                         ; On                 ; On                 ;
; DSP Block Balancing                                                        ; Auto               ; Auto               ;
; NOT Gate Push-Back                                                         ; On                 ; On                 ;
; Power-Up Don't Care                                                        ; On                 ; On                 ;
; Remove Redundant Logic Cells                                               ; Off                ; Off                ;
; Remove Duplicate Registers                                                 ; On                 ; On                 ;
; Ignore CARRY Buffers                                                       ; Off                ; Off                ;
; Ignore CASCADE Buffers                                                     ; Off                ; Off                ;
; Ignore GLOBAL Buffers                                                      ; Off                ; Off                ;
; Ignore ROW GLOBAL Buffers                                                  ; Off                ; Off                ;
; Ignore LCELL Buffers                                                       ; Off                ; Off                ;
; Ignore SOFT Buffers                                                        ; On                 ; On                 ;
; Limit AHDL Integers to 32 Bits                                             ; Off                ; Off                ;
; Optimization Technique                                                     ; Balanced           ; Balanced           ;
; Carry Chain Length                                                         ; 70                 ; 70                 ;
; Auto Carry Chains                                                          ; On                 ; On                 ;
; Auto Open-Drain Pins                                                       ; On                 ; On                 ;
; Perform WYSIWYG Primitive Resynthesis                                      ; Off                ; Off                ;
; Auto ROM Replacement                                                       ; On                 ; On                 ;
; Auto RAM Replacement                                                       ; On                 ; On                 ;
; Auto DSP Block Replacement                                                 ; On                 ; On                 ;
; Auto Shift Register Replacement                                            ; Auto               ; Auto               ;
; Allow Shift Register Merging across Hierarchies                            ; Auto               ; Auto               ;
; Auto Clock Enable Replacement                                              ; On                 ; On                 ;
; Strict RAM Replacement                                                     ; Off                ; Off                ;
; Allow Synchronous Control Signals                                          ; On                 ; On                 ;
; Force Use of Synchronous Clear Signals                                     ; Off                ; Off                ;
; Auto RAM Block Balancing                                                   ; On                 ; On                 ;
; Auto RAM to Logic Cell Conversion                                          ; Off                ; Off                ;
; Auto Resource Sharing                                                      ; Off                ; Off                ;
; Allow Any RAM Size For Recognition                                         ; Off                ; Off                ;
; Allow Any ROM Size For Recognition                                         ; Off                ; Off                ;
; Allow Any Shift Register Size For Recognition                              ; Off                ; Off                ;
; Use LogicLock Constraints during Resource Balancing                        ; On                 ; On                 ;
; Ignore translate_off and synthesis_off directives                          ; Off                ; Off                ;
; Timing-Driven Synthesis                                                    ; On                 ; On                 ;
; Report Parameter Settings                                                  ; On                 ; On                 ;
; Report Source Assignments                                                  ; On                 ; On                 ;
; Report Connectivity Checks                                                 ; On                 ; On                 ;
; Ignore Maximum Fan-Out Assignments                                         ; Off                ; Off                ;
; Synchronization Register Chain Length                                      ; 2                  ; 2                  ;
; PowerPlay Power Optimization                                               ; Normal compilation ; Normal compilation ;
; HDL message level                                                          ; Level2             ; Level2             ;
; Suppress Register Optimization Related Messages                            ; Off                ; Off                ;
; Number of Removed Registers Reported in Synthesis Report                   ; 5000               ; 5000               ;
; Number of Swept Nodes Reported in Synthesis Report                         ; 5000               ; 5000               ;
; Number of Inverted Registers Reported in Synthesis Report                  ; 100                ; 100                ;
; Clock MUX Protection                                                       ; On                 ; On                 ;
; Auto Gated Clock Conversion                                                ; Off                ; Off                ;
; Block Design Naming                                                        ; Auto               ; Auto               ;
; SDC constraint protection                                                  ; Off                ; Off                ;
; Synthesis Effort                                                           ; Auto               ; Auto               ;
; Shift Register Replacement - Allow Asynchronous Clear Signal               ; On                 ; On                 ;
; Pre-Mapping Resynthesis Optimization                                       ; Off                ; Off                ;
; Analysis & Synthesis Message Level                                         ; Medium             ; Medium             ;
; Disable Register Merging Across Hierarchies                                ; Auto               ; Auto               ;
; Resource Aware Inference For Block RAM                                     ; On                 ; On                 ;
; Synthesis Seed                                                             ; 1                  ; 1                  ;
+----------------------------------------------------------------------------+--------------------+--------------------+


+------------------------------------------+
; Parallel Compilation                     ;
+----------------------------+-------------+
; Processors                 ; Number      ;
+----------------------------+-------------+
; Number detected on machine ; 16          ;
; Maximum allowed            ; 2           ;
;                            ;             ;
; Average used               ; 1.00        ;
; Maximum used               ; 1           ;
;                            ;             ;
; Usage by Processor         ; % Time Used ;
;     Processor 1            ; 100.0%      ;
;     Processors 2-16        ;   0.0%      ;
+----------------------------+-------------+


+-----------------------------------------------------------------------------------------------------------------------------------------------------------------------------------------------------+
; Analysis & Synthesis Source Files Read                                                                                                                                                              ;
+----------------------------------+-----------------+------------------------------+-------------------------------------------------------------------------------------------------------+---------+
; File Name with User-Entered Path ; Used in Netlist ; File Type                    ; File Name with Absolute Path                                                                          ; Library ;
+----------------------------------+-----------------+------------------------------+-------------------------------------------------------------------------------------------------------+---------+
; DE2_115_TOP.v                    ; yes             ; User Verilog HDL File        ; S:/Computer _composition_experience/Experience classes/class_1_20221019/DE2-115/DE2_115_TOP.v         ;         ;
; SEG7_LUT.v                       ; yes             ; User Verilog HDL File        ; S:/Computer _composition_experience/Experience classes/class_1_20221019/DE2-115/SEG7_LUT.v            ;         ;
; JTAG/BSC.v                       ; yes             ; User Verilog HDL File        ; S:/Computer _composition_experience/Experience classes/class_1_20221019/DE2-115/JTAG/BSC.v            ;         ;
; JTAG/GlobalCLK.v                 ; yes             ; User Wizard-Generated File   ; S:/Computer _composition_experience/Experience classes/class_1_20221019/DE2-115/JTAG/GlobalCLK.v      ;         ;
; JTAG/JtagForDebug.qxp            ; yes             ; User File                    ; S:/Computer _composition_experience/Experience classes/class_1_20221019/DE2-115/JTAG/JtagForDebug.qxp ;         ;
; lab_top.v                        ; yes             ; Auto-Found Verilog HDL File  ; S:/Computer _composition_experience/Experience classes/class_1_20221019/DE2-115/lab_top.v             ;         ;
; adder.v                          ; yes             ; Auto-Found Verilog HDL File  ; S:/Computer _composition_experience/Experience classes/class_1_20221019/DE2-115/adder.v               ;         ;
+----------------------------------+-----------------+------------------------------+-------------------------------------------------------------------------------------------------------+---------+


+---------------------------------------------------------------------------------------------------------------------------------------------------------+
; Analysis & Synthesis Resource Usage Summary                                                                                                             ;
+---------------------------------------------+-----------------------------------------------------------------------------------------------------------+
; Resource                                    ; Usage                                                                                                     ;
+---------------------------------------------+-----------------------------------------------------------------------------------------------------------+
; Estimated Total logic elements              ; 262                                                                                                       ;
;                                             ;                                                                                                           ;
; Total combinational functions               ; 244                                                                                                       ;
; Logic element usage by number of LUT inputs ;                                                                                                           ;
;     -- 4 input functions                    ; 112                                                                                                       ;
;     -- 3 input functions                    ; 113                                                                                                       ;
;     -- <=2 input functions                  ; 19                                                                                                        ;
;                                             ;                                                                                                           ;
; Logic elements by mode                      ;                                                                                                           ;
;     -- normal mode                          ; 239                                                                                                       ;
;     -- arithmetic mode                      ; 5                                                                                                         ;
;                                             ;                                                                                                           ;
; Total registers                             ; 181                                                                                                       ;
;     -- Dedicated logic registers            ; 181                                                                                                       ;
;     -- I/O registers                        ; 0                                                                                                         ;
;                                             ;                                                                                                           ;
; I/O pins                                    ; 487                                                                                                       ;
; Embedded Multiplier 9-bit elements          ; 0                                                                                                         ;
; Maximum fan-out node                        ; GlobalCLK:globalTCK_inst|GlobalCLK_altclkctrl_7ji:GlobalCLK_altclkctrl_7ji_component|wire_clkctrl1_outclk ;
; Maximum fan-out                             ; 181                                                                                                       ;
; Total fan-out                               ; 2027                                                                                                      ;
; Average fan-out                             ; 1.32                                                                                                      ;
+---------------------------------------------+-----------------------------------------------------------------------------------------------------------+


+----------------------------------------------------------------------------------------------------------------------------------------------------------------------------------------------------------------------------------------------------------------------------------------------------+
; Analysis & Synthesis Resource Utilization by Entity                                                                                                                                                                                                                                                ;
+---------------------------------------------------------------------+-------------------+--------------+-------------+--------------+---------+-----------+------+--------------+---------------------------------------------------------------------------------------------------+--------------+
; Compilation Hierarchy Node                                          ; LC Combinationals ; LC Registers ; Memory Bits ; DSP Elements ; DSP 9x9 ; DSP 18x18 ; Pins ; Virtual Pins ; Full Hierarchy Name                                                                               ; Library Name ;
+---------------------------------------------------------------------+-------------------+--------------+-------------+--------------+---------+-----------+------+--------------+---------------------------------------------------------------------------------------------------+--------------+
; |DE2_115_TOP                                                        ; 244 (3)           ; 181 (0)      ; 0           ; 0            ; 0       ; 0         ; 487  ; 0            ; |DE2_115_TOP                                                                                      ; work         ;
;    |BSC:bsc_HEX|                                                    ; 57 (57)           ; 56 (56)      ; 0           ; 0            ; 0       ; 0         ; 0    ; 0            ; |DE2_115_TOP|BSC:bsc_HEX                                                                          ; work         ;
;    |BSC:bsc_KEY|                                                    ; 5 (5)             ; 4 (4)        ; 0           ; 0            ; 0       ; 0         ; 0    ; 0            ; |DE2_115_TOP|BSC:bsc_KEY                                                                          ; work         ;
;    |BSC:bsc_LED|                                                    ; 28 (28)           ; 27 (27)      ; 0           ; 0            ; 0       ; 0         ; 0    ; 0            ; |DE2_115_TOP|BSC:bsc_LED                                                                          ; work         ;
;    |BSC:bsc_SW|                                                     ; 22 (22)           ; 31 (31)      ; 0           ; 0            ; 0       ; 0         ; 0    ; 0            ; |DE2_115_TOP|BSC:bsc_SW                                                                           ; work         ;
;    |GlobalCLK:globalTCK_inst|                                       ; 0 (0)             ; 0 (0)        ; 0           ; 0            ; 0       ; 0         ; 0    ; 0            ; |DE2_115_TOP|GlobalCLK:globalTCK_inst                                                             ; work         ;
;       |GlobalCLK_altclkctrl_7ji:GlobalCLK_altclkctrl_7ji_component| ; 0 (0)             ; 0 (0)        ; 0           ; 0            ; 0       ; 0         ; 0    ; 0            ; |DE2_115_TOP|GlobalCLK:globalTCK_inst|GlobalCLK_altclkctrl_7ji:GlobalCLK_altclkctrl_7ji_component ; work         ;
;    |JtagForDebug:jtagForDebug_inst|                                 ; 89 (12)           ; 63 (0)       ; 0           ; 0            ; 0       ; 0         ; 0    ; 0            ; |DE2_115_TOP|JtagForDebug:jtagForDebug_inst                                                       ; work         ;
;       |BSC:BSC_IDCODE|                                              ; 34 (34)           ; 32 (32)      ; 0           ; 0            ; 0       ; 0         ; 0    ; 0            ; |DE2_115_TOP|JtagForDebug:jtagForDebug_inst|BSC:BSC_IDCODE                                        ;              ;
;       |BSC:BSC_MODE|                                                ; 7 (7)             ; 5 (5)        ; 0           ; 0            ; 0       ; 0         ; 0    ; 0            ; |DE2_115_TOP|JtagForDebug:jtagForDebug_inst|BSC:BSC_MODE                                          ;              ;
;       |JTAG_InstructionDecoder:JTAG_InstructionDecoder_inst|        ; 14 (14)           ; 0 (0)        ; 0           ; 0            ; 0       ; 0         ; 0    ; 0            ; |DE2_115_TOP|JtagForDebug:jtagForDebug_inst|JTAG_InstructionDecoder:JTAG_InstructionDecoder_inst  ;              ;
;       |TAP_Controller:M5|                                           ; 17 (17)           ; 18 (18)      ; 0           ; 0            ; 0       ; 0         ; 0    ; 0            ; |DE2_115_TOP|JtagForDebug:jtagForDebug_inst|TAP_Controller:M5                                     ;              ;
;       |TAP_Instruction_Register:M3|                                 ; 5 (5)             ; 8 (8)        ; 0           ; 0            ; 0       ; 0         ; 0    ; 0            ; |DE2_115_TOP|JtagForDebug:jtagForDebug_inst|TAP_Instruction_Register:M3                           ;              ;
;    |Lab_Top:Lab_inst|                                               ; 19 (11)           ; 0 (0)        ; 0           ; 0            ; 0       ; 0         ; 0    ; 0            ; |DE2_115_TOP|Lab_Top:Lab_inst                                                                     ; work         ;
;       |ADDER:ADDER_inst|                                            ; 8 (8)             ; 0 (0)        ; 0           ; 0            ; 0       ; 0         ; 0    ; 0            ; |DE2_115_TOP|Lab_Top:Lab_inst|ADDER:ADDER_inst                                                    ; work         ;
;    |SEG7_LUT:u0|                                                    ; 7 (7)             ; 0 (0)        ; 0           ; 0            ; 0       ; 0         ; 0    ; 0            ; |DE2_115_TOP|SEG7_LUT:u0                                                                          ; work         ;
;    |SEG7_LUT:u4|                                                    ; 7 (7)             ; 0 (0)        ; 0           ; 0            ; 0       ; 0         ; 0    ; 0            ; |DE2_115_TOP|SEG7_LUT:u4                                                                          ; work         ;
;    |SEG7_LUT:u6|                                                    ; 7 (7)             ; 0 (0)        ; 0           ; 0            ; 0       ; 0         ; 0    ; 0            ; |DE2_115_TOP|SEG7_LUT:u6                                                                          ; work         ;
+---------------------------------------------------------------------+-------------------+--------------+-------------+--------------+---------+-----------+------+--------------+---------------------------------------------------------------------------------------------------+--------------+
Note: For table entries with two numbers listed, the numbers in parentheses indicate the number of resources of the given type used by the specific entity alone. The numbers listed outside of parentheses indicate the total resources of the given type used by the specific entity and all of its sub-entities in the hierarchy.


+----------------------------------------------------------------------------------------------------------------------------------------------------------------------------------------------------------+
; Analysis & Synthesis IP Cores Summary                                                                                                                                                                    ;
+--------+--------------+---------+--------------+--------------+---------------------------------------+--------------------------------------------------------------------------------------------------+
; Vendor ; IP Core Name ; Version ; Release Date ; License Type ; Entity Instance                       ; IP Include File                                                                                  ;
+--------+--------------+---------+--------------+--------------+---------------------------------------+--------------------------------------------------------------------------------------------------+
; Altera ; ALTCLKCTRL   ; N/A     ; N/A          ; N/A          ; |DE2_115_TOP|GlobalCLK:globalTCK_inst ; S:/Computer _composition_experience/Experience classes/class_1_20221019/DE2-115/JTAG/GlobalCLK.v ;
+--------+--------------+---------+--------------+--------------+---------------------------------------+--------------------------------------------------------------------------------------------------+


+------------------------------------------------------+
; General Register Statistics                          ;
+----------------------------------------------+-------+
; Statistic                                    ; Value ;
+----------------------------------------------+-------+
; Total registers                              ; 181   ;
; Number of registers using Synchronous Clear  ; 7     ;
; Number of registers using Synchronous Load   ; 5     ;
; Number of registers using Asynchronous Clear ; 4     ;
; Number of registers using Asynchronous Load  ; 0     ;
; Number of registers using Clock Enable       ; 159   ;
; Number of registers using Preset             ; 0     ;
+----------------------------------------------+-------+


+-----------------------------------------------------------------------------------------------------------------------------------------------------------------+
; Multiplexer Restructuring Statistics (Restructuring Performed)                                                                                                  ;
+--------------------+-----------+---------------+----------------------+------------------------+------------+---------------------------------------------------+
; Multiplexer Inputs ; Bus Width ; Baseline Area ; Area if Restructured ; Saving if Restructured ; Registered ; Example Multiplexer Output                        ;
+--------------------+-----------+---------------+----------------------+------------------------+------------+---------------------------------------------------+
; 3:1                ; 18 bits   ; 36 LEs        ; 18 LEs               ; 18 LEs                 ; Yes        ; |DE2_115_TOP|BSC:bsc_SW|BSC_Capture_Register[5]   ;
; 3:1                ; 9 bits    ; 18 LEs        ; 9 LEs                ; 9 LEs                  ; Yes        ; |DE2_115_TOP|BSC:bsc_LED|BSC_Capture_Register[18] ;
; 3:1                ; 18 bits   ; 36 LEs        ; 18 LEs               ; 18 LEs                 ; Yes        ; |DE2_115_TOP|BSC:bsc_LED|BSC_Capture_Register[12] ;
; 3:1                ; 4 bits    ; 8 LEs         ; 4 LEs                ; 4 LEs                  ; Yes        ; |DE2_115_TOP|BSC:bsc_KEY|BSC_Capture_Register[3]  ;
; 3:1                ; 35 bits   ; 70 LEs        ; 35 LEs               ; 35 LEs                 ; Yes        ; |DE2_115_TOP|BSC:bsc_HEX|BSC_Capture_Register[53] ;
; 3:1                ; 21 bits   ; 42 LEs        ; 21 LEs               ; 21 LEs                 ; Yes        ; |DE2_115_TOP|BSC:bsc_HEX|BSC_Capture_Register[44] ;
+--------------------+-----------+---------------+----------------------+------------------------+------------+---------------------------------------------------+


+-----------------------------------------------------------------------------------------------------------------+
; Source assignments for JtagForDebug:jtagForDebug_inst                                                           ;
+--------------------------------------------------------------------------------+--------------------+------+----+
; Assignment                                                                     ; Value              ; From ; To ;
+--------------------------------------------------------------------------------+--------------------+------+----+
; ADV_NETLIST_OPT_SYNTH_WYSIWYG_REMAP                                            ; OFF                ;      ;    ;
; SYNCHRONIZATION_REGISTER_CHAIN_LENGTH                                          ; 2                  ;      ;    ;
; OPTIMIZE_POWER_DURING_SYNTHESIS                                                ; NORMAL COMPILATION ;      ;    ;
; TXPMA_SLEW_RATE                                                                ; LOW                ;      ;    ;
; ADCE_ENABLED                                                                   ; AUTO               ;      ;    ;
; BLOCK_RAM_TO_MLAB_CELL_CONVERSION                                              ; ON                 ;      ;    ;
; BLOCK_RAM_AND_MLAB_EQUIVALENT_POWER_UP_CONDITIONS                              ; AUTO               ;      ;    ;
; BLOCK_RAM_AND_MLAB_EQUIVALENT_PAUSED_READ_CAPABILITIES                         ; CARE               ;      ;    ;
; OPTIMIZE_POWER_DURING_FITTING                                                  ; NORMAL COMPILATION ;      ;    ;
; PHYSICAL_SYNTHESIS_COMBO_LOGIC_FOR_AREA                                        ; OFF                ;      ;    ;
; PHYSICAL_SYNTHESIS_COMBO_LOGIC                                                 ; OFF                ;      ;    ;
; PHYSICAL_SYNTHESIS_REGISTER_DUPLICATION                                        ; OFF                ;      ;    ;
; PHYSICAL_SYNTHESIS_MAP_LOGIC_TO_MEMORY_FOR_AREA                                ; OFF                ;      ;    ;
; PHYSICAL_SYNTHESIS_REGISTER_RETIMING                                           ; OFF                ;      ;    ;
; PHYSICAL_SYNTHESIS_ASYNCHRONOUS_SIGNAL_PIPELINING                              ; OFF                ;      ;    ;
; ENABLE_BENEFICIAL_SKEW_OPTIMIZATION                                            ; ON                 ;      ;    ;
; POWER_REPORT_SIGNAL_ACTIVITY                                                   ; OFF                ;      ;    ;
; POWER_REPORT_POWER_DISSIPATION                                                 ; OFF                ;      ;    ;
; ARRIAIIGX_RX_CDR_LOCKUP_FIX_OVERRIDE                                           ; OFF                ;      ;    ;
; MUX_RESTRUCTURE                                                                ; AUTO               ;      ;    ;
; MLAB_ADD_TIMING_CONSTRAINTS_FOR_MIXED_PORT_FEED_THROUGH_MODE_SETTING_DONT_CARE ; OFF                ;      ;    ;
; STATE_MACHINE_PROCESSING                                                       ; AUTO               ;      ;    ;
; SAFE_STATE_MACHINE                                                             ; OFF                ;      ;    ;
; IGNORE_VERILOG_INITIAL_CONSTRUCTS                                              ; OFF                ;      ;    ;
; VERILOG_CONSTANT_LOOP_LIMIT                                                    ; 5000               ;      ;    ;
; VERILOG_NON_CONSTANT_LOOP_LIMIT                                                ; 250                ;      ;    ;
; INFER_RAMS_FROM_RAW_LOGIC                                                      ; ON                 ;      ;    ;
; DSP_BLOCK_BALANCING                                                            ; AUTO               ;      ;    ;
; NOT_GATE_PUSH_BACK                                                             ; ON                 ;      ;    ;
; REMOVE_REDUNDANT_LOGIC_CELLS                                                   ; OFF                ;      ;    ;
; REMOVE_DUPLICATE_REGISTERS                                                     ; ON                 ;      ;    ;
; IGNORE_CARRY_BUFFERS                                                           ; OFF                ;      ;    ;
; IGNORE_CASCADE_BUFFERS                                                         ; OFF                ;      ;    ;
; IGNORE_GLOBAL_BUFFERS                                                          ; OFF                ;      ;    ;
; IGNORE_ROW_GLOBAL_BUFFERS                                                      ; OFF                ;      ;    ;
; IGNORE_LCELL_BUFFERS                                                           ; OFF                ;      ;    ;
; MAX7000_IGNORE_LCELL_BUFFERS                                                   ; AUTO               ;      ;    ;
; IGNORE_SOFT_BUFFERS                                                            ; ON                 ;      ;    ;
; MAX7000_IGNORE_SOFT_BUFFERS                                                    ; OFF                ;      ;    ;
; AUTO_GLOBAL_CLOCK_MAX                                                          ; ON                 ;      ;    ;
; AUTO_GLOBAL_OE_MAX                                                             ; ON                 ;      ;    ;
; MAX_AUTO_GLOBAL_REGISTER_CONTROLS                                              ; ON                 ;      ;    ;
; AUTO_IMPLEMENT_IN_ROM                                                          ; OFF                ;      ;    ;
; APEX20K_TECHNOLOGY_MAPPER                                                      ; LUT                ;      ;    ;
; OPTIMIZATION_TECHNIQUE                                                         ; BALANCED           ;      ;    ;
; STRATIXII_OPTIMIZATION_TECHNIQUE                                               ; BALANCED           ;      ;    ;
; CYCLONE_OPTIMIZATION_TECHNIQUE                                                 ; BALANCED           ;      ;    ;
; CYCLONEII_OPTIMIZATION_TECHNIQUE                                               ; BALANCED           ;      ;    ;
; STRATIX_OPTIMIZATION_TECHNIQUE                                                 ; BALANCED           ;      ;    ;
; MAXII_OPTIMIZATION_TECHNIQUE                                                   ; BALANCED           ;      ;    ;
; MAX7000_OPTIMIZATION_TECHNIQUE                                                 ; SPEED              ;      ;    ;
; APEX20K_OPTIMIZATION_TECHNIQUE                                                 ; BALANCED           ;      ;    ;
; MERCURY_OPTIMIZATION_TECHNIQUE                                                 ; AREA               ;      ;    ;
; FLEX6K_OPTIMIZATION_TECHNIQUE                                                  ; AREA               ;      ;    ;
; FLEX10K_OPTIMIZATION_TECHNIQUE                                                 ; AREA               ;      ;    ;
; ALLOW_XOR_GATE_USAGE                                                           ; ON                 ;      ;    ;
; AUTO_LCELL_INSERTION                                                           ; ON                 ;      ;    ;
; CARRY_CHAIN_LENGTH                                                             ; 48                 ;      ;    ;
; FLEX6K_CARRY_CHAIN_LENGTH                                                      ; 32                 ;      ;    ;
; FLEX10K_CARRY_CHAIN_LENGTH                                                     ; 32                 ;      ;    ;
; MERCURY_CARRY_CHAIN_LENGTH                                                     ; 48                 ;      ;    ;
; STRATIX_CARRY_CHAIN_LENGTH                                                     ; 70                 ;      ;    ;
; STRATIXII_CARRY_CHAIN_LENGTH                                                   ; 70                 ;      ;    ;
; CASCADE_CHAIN_LENGTH                                                           ; 2                  ;      ;    ;
; PARALLEL_EXPANDER_CHAIN_LENGTH                                                 ; 16                 ;      ;    ;
; MAX7000_PARALLEL_EXPANDER_CHAIN_LENGTH                                         ; 4                  ;      ;    ;
; AUTO_CARRY_CHAINS                                                              ; ON                 ;      ;    ;
; AUTO_CASCADE_CHAINS                                                            ; ON                 ;      ;    ;
; AUTO_PARALLEL_EXPANDERS                                                        ; ON                 ;      ;    ;
; AUTO_OPEN_DRAIN_PINS                                                           ; ON                 ;      ;    ;
; AUTO_ROM_RECOGNITION                                                           ; ON                 ;      ;    ;
; AUTO_RAM_RECOGNITION                                                           ; ON                 ;      ;    ;
; AUTO_DSP_RECOGNITION                                                           ; ON                 ;      ;    ;
; AUTO_SHIFT_REGISTER_RECOGNITION                                                ; AUTO               ;      ;    ;
; ALLOW_SHIFT_REGISTER_MERGING_ACROSS_HIERARCHIES                                ; AUTO               ;      ;    ;
; AUTO_CLOCK_ENABLE_RECOGNITION                                                  ; ON                 ;      ;    ;
; STRICT_RAM_RECOGNITION                                                         ; OFF                ;      ;    ;
; ALLOW_SYNCH_CTRL_USAGE                                                         ; ON                 ;      ;    ;
; FORCE_SYNCH_CLEAR                                                              ; OFF                ;      ;    ;
; AUTO_RAM_TO_LCELL_CONVERSION                                                   ; OFF                ;      ;    ;
; AUTO_RESOURCE_SHARING                                                          ; OFF                ;      ;    ;
; ALLOW_ANY_RAM_SIZE_FOR_RECOGNITION                                             ; OFF                ;      ;    ;
; ALLOW_ANY_ROM_SIZE_FOR_RECOGNITION                                             ; OFF                ;      ;    ;
; ALLOW_ANY_SHIFT_REGISTER_SIZE_FOR_RECOGNITION                                  ; OFF                ;      ;    ;
; MAX7000_FANIN_PER_CELL                                                         ; 100                ;      ;    ;
; SYNTH_TIMING_DRIVEN_SYNTHESIS                                                  ; ON                 ;      ;    ;
; IGNORE_MAX_FANOUT_ASSIGNMENTS                                                  ; OFF                ;      ;    ;
; USE_HIGH_SPEED_ADDER                                                           ; AUTO               ;      ;    ;
; SYNTH_GATED_CLOCK_CONVERSION                                                   ; OFF                ;      ;    ;
; BLOCK_DESIGN_NAMING                                                            ; AUTO               ;      ;    ;
; SHIFT_REGISTER_RECOGNITION_ACLR_SIGNAL                                         ; ON                 ;      ;    ;
; AUTO_MERGE_PLLS                                                                ; ON                 ;      ;    ;
; IGNORE_MODE_FOR_MERGE                                                          ; OFF                ;      ;    ;
; SLOW_SLEW_RATE                                                                 ; OFF                ;      ;    ;
; PCI_IO                                                                         ; OFF                ;      ;    ;
; TURBO_BIT                                                                      ; ON                 ;      ;    ;
; WEAK_PULL_UP_RESISTOR                                                          ; OFF                ;      ;    ;
; ENABLE_BUS_HOLD_CIRCUITRY                                                      ; OFF                ;      ;    ;
; AUTO_GLOBAL_MEMORY_CONTROLS                                                    ; OFF                ;      ;    ;
; AUTO_PACKED_REGISTERS_STRATIXII                                                ; AUTO               ;      ;    ;
; AUTO_PACKED_REGISTERS_MAXII                                                    ; AUTO               ;      ;    ;
; AUTO_PACKED_REGISTERS_CYCLONE                                                  ; AUTO               ;      ;    ;
; AUTO_PACKED_REGISTERS                                                          ; OFF                ;      ;    ;
; AUTO_PACKED_REGISTERS_STRATIX                                                  ; AUTO               ;      ;    ;
; NORMAL_LCELL_INSERT                                                            ; ON                 ;      ;    ;
; CARRY_OUT_PINS_LCELL_INSERT                                                    ; ON                 ;      ;    ;
; XSTL_INPUT_ALLOW_SE_BUFFER                                                     ; OFF                ;      ;    ;
; TREAT_BIDIR_AS_OUTPUT                                                          ; OFF                ;      ;    ;
; AUTO_TURBO_BIT                                                                 ; ON                 ;      ;    ;
; AUTO_GLOBAL_CLOCK                                                              ; ON                 ;      ;    ;
; AUTO_GLOBAL_OE                                                                 ; ON                 ;      ;    ;
; AUTO_GLOBAL_REGISTER_CONTROLS                                                  ; ON                 ;      ;    ;
; SYNCHRONIZER_IDENTIFICATION                                                    ; OFF                ;      ;    ;
; M144K_BLOCK_READ_CLOCK_DUTY_CYCLE_DEPENDENCY                                   ; OFF                ;      ;    ;
; CLAMPING_DIODE                                                                 ; OFF                ;      ;    ;
; IMPLEMENT_MLAB_IN_16_BIT_DEEP_MODE                                             ; OFF                ;      ;    ;
+--------------------------------------------------------------------------------+--------------------+------+----+


+--------------------------------------------------------------------------------+
; Parameter Settings for User Entity Instance: Lab_Top:Lab_inst|ADDER:ADDER_inst ;
+----------------+-------+-------------------------------------------------------+
; Parameter Name ; Value ; Type                                                  ;
+----------------+-------+-------------------------------------------------------+
; DATAWIDTH      ; 4     ; Signed Integer                                        ;
+----------------+-------+-------------------------------------------------------+
Note: In order to hide this table in the UI and the text report file, please set the "Show Parameter Settings in Synthesis Report" option in "Analysis and Synthesis Settings -> More Settings" to "Off".


+-----------------------------------------------------------------------------+
; Parameter Settings for User Entity Instance: JtagForDebug:jtagForDebug_inst ;
+----------------+----------------------------------+-------------------------+
; Parameter Name ; Value                            ; Type                    ;
+----------------+----------------------------------+-------------------------+
; IDCODE_VALUE   ; 00010011000001110001000100010101 ; Unsigned Binary         ;
+----------------+----------------------------------+-------------------------+
Note: In order to hide this table in the UI and the text report file, please set the "Show Parameter Settings in Synthesis Report" option in "Analysis and Synthesis Settings -> More Settings" to "Off".


+---------------------------------------------------------+
; Parameter Settings for User Entity Instance: BSC:bsc_SW ;
+----------------+-------+--------------------------------+
; Parameter Name ; Value ; Type                           ;
+----------------+-------+--------------------------------+
; DATAWIDTH      ; 18    ; Signed Integer                 ;
+----------------+-------+--------------------------------+
Note: In order to hide this table in the UI and the text report file, please set the "Show Parameter Settings in Synthesis Report" option in "Analysis and Synthesis Settings -> More Settings" to "Off".


+----------------------------------------------------------+
; Parameter Settings for User Entity Instance: BSC:bsc_KEY ;
+----------------+-------+---------------------------------+
; Parameter Name ; Value ; Type                            ;
+----------------+-------+---------------------------------+
; DATAWIDTH      ; 4     ; Signed Integer                  ;
+----------------+-------+---------------------------------+
Note: In order to hide this table in the UI and the text report file, please set the "Show Parameter Settings in Synthesis Report" option in "Analysis and Synthesis Settings -> More Settings" to "Off".


+----------------------------------------------------------+
; Parameter Settings for User Entity Instance: BSC:bsc_LED ;
+----------------+-------+---------------------------------+
; Parameter Name ; Value ; Type                            ;
+----------------+-------+---------------------------------+
; DATAWIDTH      ; 27    ; Signed Integer                  ;
+----------------+-------+---------------------------------+
Note: In order to hide this table in the UI and the text report file, please set the "Show Parameter Settings in Synthesis Report" option in "Analysis and Synthesis Settings -> More Settings" to "Off".


+----------------------------------------------------------+
; Parameter Settings for User Entity Instance: BSC:bsc_HEX ;
+----------------+-------+---------------------------------+
; Parameter Name ; Value ; Type                            ;
+----------------+-------+---------------------------------+
; DATAWIDTH      ; 56    ; Signed Integer                  ;
+----------------+-------+---------------------------------+
Note: In order to hide this table in the UI and the text report file, please set the "Show Parameter Settings in Synthesis Report" option in "Analysis and Synthesis Settings -> More Settings" to "Off".


+-------------------------------------------------------------------------------------------------------------------------------------------------------------------------------------------------------------------+
; Port Connectivity Checks: "BSC:bsc_HEX"                                                                                                                                                                           ;
+----------+--------+----------+------------------------------------------------------------------------------------------------------------------------------------------------------------------------------------+
; Port     ; Type   ; Severity ; Details                                                                                                                                                                            ;
+----------+--------+----------+------------------------------------------------------------------------------------------------------------------------------------------------------------------------------------+
; DataOut  ; Output ; Info     ; Explicitly unconnected                                                                                                                                                             ;
; Mode     ; Input  ; Warning  ; Input port expression (32 bits) is wider than the input port (1 bits) it drives.  The 31 most-significant bit(s) in the expression will be dangling if they have no other fanouts. ;
; Mode[-1] ; Input  ; Info     ; Stuck at GND                                                                                                                                                                       ;
+----------+--------+----------+------------------------------------------------------------------------------------------------------------------------------------------------------------------------------------+


+-------------------------------------------------------------------------------------------------------------------------------------------------------------------------------------------------------------------+
; Port Connectivity Checks: "BSC:bsc_LED"                                                                                                                                                                           ;
+----------+--------+----------+------------------------------------------------------------------------------------------------------------------------------------------------------------------------------------+
; Port     ; Type   ; Severity ; Details                                                                                                                                                                            ;
+----------+--------+----------+------------------------------------------------------------------------------------------------------------------------------------------------------------------------------------+
; DataOut  ; Output ; Info     ; Explicitly unconnected                                                                                                                                                             ;
; Mode     ; Input  ; Warning  ; Input port expression (32 bits) is wider than the input port (1 bits) it drives.  The 31 most-significant bit(s) in the expression will be dangling if they have no other fanouts. ;
; Mode[-1] ; Input  ; Info     ; Stuck at GND                                                                                                                                                                       ;
+----------+--------+----------+------------------------------------------------------------------------------------------------------------------------------------------------------------------------------------+


+------------------------------------------------------+
; Port Connectivity Checks: "GlobalCLK:globalTCK_inst" ;
+------+-------+----------+----------------------------+
; Port ; Type  ; Severity ; Details                    ;
+------+-------+----------+----------------------------+
; ena  ; Input ; Info     ; Stuck at VCC               ;
+------+-------+----------+----------------------------+


+-------------------------------+
; Elapsed Time Per Partition    ;
+----------------+--------------+
; Partition Name ; Elapsed Time ;
+----------------+--------------+
; Top            ; 00:00:00     ;
+----------------+--------------+


+-------------------------------+
; Analysis & Synthesis Messages ;
+-------------------------------+
Info: *******************************************************************
Info: Running Quartus II 64-Bit Analysis & Synthesis
    Info: Version 13.0.1 Build 232 06/12/2013 Service Pack 1 SJ Full Version
    Info: Processing started: Wed Oct 19 19:34:54 2022
Info: Command: quartus_map --read_settings_files=on --write_settings_files=off DE2_115_Lab -c DE2_115_Lab
Info (20032): Parallel compilation is enabled and will use up to 2 processors
Info (12021): Found 1 design units, including 1 entities, in source file de2_115_top.v
    Info (12023): Found entity 1: DE2_115_TOP
Info (12021): Found 1 design units, including 1 entities, in source file seg7_lut.v
    Info (12023): Found entity 1: SEG7_LUT
Info (12021): Found 1 design units, including 1 entities, in source file jtag/bsc.v
    Info (12023): Found entity 1: BSC
Info (12021): Found 2 design units, including 2 entities, in source file jtag/globalclk.v
    Info (12023): Found entity 1: GlobalCLK_altclkctrl_7ji
    Info (12023): Found entity 2: GlobalCLK
Info (12021): Found 1 design units, including 1 entities, in source file jtag/jtagfordebug.qxp
    Info (12023): Found entity 1: JtagForDebug
Info (12127): Elaborating entity "DE2_115_TOP" for the top level hierarchy
Warning (10034): Output port "VGA_B" at DE2_115_TOP.v(60) has no driver
Warning (10034): Output port "VGA_G" at DE2_115_TOP.v(63) has no driver
Warning (10034): Output port "VGA_R" at DE2_115_TOP.v(65) has no driver
Warning (10034): Output port "ENET0_TX_DATA" at DE2_115_TOP.v(98) has no driver
Warning (10034): Output port "ENET1_TX_DATA" at DE2_115_TOP.v(116) has no driver
Warning (10034): Output port "OTG_ADDR" at DE2_115_TOP.v(131) has no driver
Warning (10034): Output port "OTG_DACK_N" at DE2_115_TOP.v(138) has no driver
Warning (10034): Output port "DRAM_ADDR" at DE2_115_TOP.v(146) has no driver
Warning (10034): Output port "DRAM_BA" at DE2_115_TOP.v(147) has no driver
Warning (10034): Output port "DRAM_DQM" at DE2_115_TOP.v(153) has no driver
Warning (10034): Output port "SRAM_ADDR" at DE2_115_TOP.v(158) has no driver
Warning (10034): Output port "FL_ADDR" at DE2_115_TOP.v(167) has no driver
Warning (10034): Output port "HSMC_TX_D_P" at DE2_115_TOP.v(195) has no driver
Warning (10034): Output port "SMA_CLKOUT" at DE2_115_TOP.v(11) has no driver
Warning (10034): Output port "LCD_BLON" at DE2_115_TOP.v(34) has no driver
Warning (10034): Output port "LCD_EN" at DE2_115_TOP.v(36) has no driver
Warning (10034): Output port "LCD_ON" at DE2_115_TOP.v(37) has no driver
Warning (10034): Output port "LCD_RS" at DE2_115_TOP.v(38) has no driver
Warning (10034): Output port "LCD_RW" at DE2_115_TOP.v(39) has no driver
Warning (10034): Output port "UART_CTS" at DE2_115_TOP.v(42) has no driver
Warning (10034): Output port "UART_TXD" at DE2_115_TOP.v(45) has no driver
Warning (10034): Output port "SD_CLK" at DE2_115_TOP.v(54) has no driver
Warning (10034): Output port "VGA_BLANK_N" at DE2_115_TOP.v(61) has no driver
Warning (10034): Output port "VGA_CLK" at DE2_115_TOP.v(62) has no driver
Warning (10034): Output port "VGA_HS" at DE2_115_TOP.v(64) has no driver
Warning (10034): Output port "VGA_SYNC_N" at DE2_115_TOP.v(66) has no driver
Warning (10034): Output port "VGA_VS" at DE2_115_TOP.v(67) has no driver
Warning (10034): Output port "AUD_DACDAT" at DE2_115_TOP.v(73) has no driver
Warning (10034): Output port "AUD_XCK" at DE2_115_TOP.v(75) has no driver
Warning (10034): Output port "EEP_I2C_SCLK" at DE2_115_TOP.v(78) has no driver
Warning (10034): Output port "I2C_SCLK" at DE2_115_TOP.v(82) has no driver
Warning (10034): Output port "ENET0_GTX_CLK" at DE2_115_TOP.v(86) has no driver
Warning (10034): Output port "ENET0_MDC" at DE2_115_TOP.v(88) has no driver
Warning (10034): Output port "ENET0_RST_N" at DE2_115_TOP.v(90) has no driver
Warning (10034): Output port "ENET0_TX_EN" at DE2_115_TOP.v(99) has no driver
Warning (10034): Output port "ENET0_TX_ER" at DE2_115_TOP.v(100) has no driver
Warning (10034): Output port "ENET1_GTX_CLK" at DE2_115_TOP.v(104) has no driver
Warning (10034): Output port "ENET1_MDC" at DE2_115_TOP.v(106) has no driver
Warning (10034): Output port "ENET1_RST_N" at DE2_115_TOP.v(108) has no driver
Warning (10034): Output port "ENET1_TX_EN" at DE2_115_TOP.v(117) has no driver
Warning (10034): Output port "ENET1_TX_ER" at DE2_115_TOP.v(118) has no driver
Warning (10034): Output port "TD_RESET_N" at DE2_115_TOP.v(125) has no driver
Warning (10034): Output port "OTG_CS_N" at DE2_115_TOP.v(132) has no driver
Warning (10034): Output port "OTG_WR_N" at DE2_115_TOP.v(133) has no driver
Warning (10034): Output port "OTG_RD_N" at DE2_115_TOP.v(134) has no driver
Warning (10034): Output port "OTG_RST_N" at DE2_115_TOP.v(136) has no driver
Warning (10034): Output port "DRAM_CAS_N" at DE2_115_TOP.v(148) has no driver
Warning (10034): Output port "DRAM_CKE" at DE2_115_TOP.v(149) has no driver
Warning (10034): Output port "DRAM_CLK" at DE2_115_TOP.v(150) has no driver
Warning (10034): Output port "DRAM_CS_N" at DE2_115_TOP.v(151) has no driver
Warning (10034): Output port "DRAM_RAS_N" at DE2_115_TOP.v(154) has no driver
Warning (10034): Output port "DRAM_WE_N" at DE2_115_TOP.v(155) has no driver
Warning (10034): Output port "SRAM_CE_N" at DE2_115_TOP.v(159) has no driver
Warning (10034): Output port "SRAM_LB_N" at DE2_115_TOP.v(161) has no driver
Warning (10034): Output port "SRAM_OE_N" at DE2_115_TOP.v(162) has no driver
Warning (10034): Output port "SRAM_UB_N" at DE2_115_TOP.v(163) has no driver
Warning (10034): Output port "SRAM_WE_N" at DE2_115_TOP.v(164) has no driver
Warning (10034): Output port "FL_CE_N" at DE2_115_TOP.v(168) has no driver
Warning (10034): Output port "FL_OE_N" at DE2_115_TOP.v(170) has no driver
Warning (10034): Output port "FL_RST_N" at DE2_115_TOP.v(171) has no driver
Warning (10034): Output port "FL_WE_N" at DE2_115_TOP.v(173) has no driver
Warning (10034): Output port "FL_WP_N" at DE2_115_TOP.v(174) has no driver
Warning (10034): Output port "HSMC_CLKOUT_P1" at DE2_115_TOP.v(188) has no driver
Warning (10034): Output port "HSMC_CLKOUT_P2" at DE2_115_TOP.v(189) has no driver
Warning (10034): Output port "HSMC_CLKOUT0" at DE2_115_TOP.v(190) has no driver
Warning (12125): Using design file lab_top.v, which is not specified as a design file for the current project, but contains definitions for 1 design units and 1 entities in project
    Info (12023): Found entity 1: Lab_Top
Info (12128): Elaborating entity "Lab_Top" for hierarchy "Lab_Top:Lab_inst"
Warning (10034): Output port "LEDR[17]" at lab_top.v(8) has no driver
Warning (10034): Output port "LEDR[12..9]" at lab_top.v(8) has no driver
Warning (10034): Output port "LEDG[7..4]" at lab_top.v(9) has no driver
Warning (12125): Using design file adder.v, which is not specified as a design file for the current project, but contains definitions for 1 design units and 1 entities in project
    Info (12023): Found entity 1: ADDER
Info (12128): Elaborating entity "ADDER" for hierarchy "Lab_Top:Lab_inst|ADDER:ADDER_inst"
Warning (10230): Verilog HDL assignment warning at adder.v(16): truncated value with size 32 to match size of target (1)
Info (12128): Elaborating entity "SEG7_LUT" for hierarchy "SEG7_LUT:u7"
Info (12128): Elaborating entity "GlobalCLK" for hierarchy "GlobalCLK:globalTCK_inst"
Info (12128): Elaborating entity "GlobalCLK_altclkctrl_7ji" for hierarchy "GlobalCLK:globalTCK_inst|GlobalCLK_altclkctrl_7ji:GlobalCLK_altclkctrl_7ji_component"
Info (12128): Elaborating entity "JtagForDebug" for hierarchy "JtagForDebug:jtagForDebug_inst"
Info (12128): Elaborating entity "BSC" for hierarchy "BSC:bsc_SW"
Info (12128): Elaborating entity "BSC" for hierarchy "BSC:bsc_KEY"
Info (12128): Elaborating entity "BSC" for hierarchy "BSC:bsc_LED"
Info (12128): Elaborating entity "BSC" for hierarchy "BSC:bsc_HEX"
Warning (12240): Synthesis found one or more imported partitions that will be treated as black boxes for timing analysis during synthesis
Warning (12241): 2 hierarchies have connectivity warnings - see the Connectivity Checks report folder
Warning (13039): The following bidir pins have no drivers
    Warning (13040): Bidir "LCD_DATA[0]" has no driver
    Warning (13040): Bidir "LCD_DATA[1]" has no driver
    Warning (13040): Bidir "LCD_DATA[2]" has no driver
    Warning (13040): Bidir "LCD_DATA[3]" has no driver
    Warning (13040): Bidir "LCD_DATA[4]" has no driver
    Warning (13040): Bidir "LCD_DATA[5]" has no driver
    Warning (13040): Bidir "LCD_DATA[6]" has no driver
    Warning (13040): Bidir "LCD_DATA[7]" has no driver
    Warning (13040): Bidir "PS2_CLK" has no driver
    Warning (13040): Bidir "PS2_DAT" has no driver
    Warning (13040): Bidir "PS2_CLK2" has no driver
    Warning (13040): Bidir "PS2_DAT2" has no driver
    Warning (13040): Bidir "SD_CMD" has no driver
    Warning (13040): Bidir "EEP_I2C_SDAT" has no driver
    Warning (13040): Bidir "ENET0_MDIO" has no driver
    Warning (13040): Bidir "ENET1_MDIO" has no driver
    Warning (13040): Bidir "OTG_DATA[0]" has no driver
    Warning (13040): Bidir "OTG_DATA[1]" has no driver
    Warning (13040): Bidir "OTG_DATA[2]" has no driver
    Warning (13040): Bidir "OTG_DATA[3]" has no driver
    Warning (13040): Bidir "OTG_DATA[4]" has no driver
    Warning (13040): Bidir "OTG_DATA[5]" has no driver
    Warning (13040): Bidir "OTG_DATA[6]" has no driver
    Warning (13040): Bidir "OTG_DATA[7]" has no driver
    Warning (13040): Bidir "OTG_DATA[8]" has no driver
    Warning (13040): Bidir "OTG_DATA[9]" has no driver
    Warning (13040): Bidir "OTG_DATA[10]" has no driver
    Warning (13040): Bidir "OTG_DATA[11]" has no driver
    Warning (13040): Bidir "OTG_DATA[12]" has no driver
    Warning (13040): Bidir "OTG_DATA[13]" has no driver
    Warning (13040): Bidir "OTG_DATA[14]" has no driver
    Warning (13040): Bidir "OTG_DATA[15]" has no driver
    Warning (13040): Bidir "OTG_FSPEED" has no driver
    Warning (13040): Bidir "OTG_LSPEED" has no driver
    Warning (13040): Bidir "HSMC_D[0]" has no driver
    Warning (13040): Bidir "HSMC_D[1]" has no driver
    Warning (13040): Bidir "HSMC_D[2]" has no driver
    Warning (13040): Bidir "HSMC_D[3]" has no driver
Warning (13024): Output pins are stuck at VCC or GND
    Warning (13410): Pin "SMA_CLKOUT" is stuck at GND
    Warning (13410): Pin "LEDG[4]" is stuck at GND
    Warning (13410): Pin "LEDG[5]" is stuck at GND
    Warning (13410): Pin "LEDG[6]" is stuck at GND
    Warning (13410): Pin "LEDG[7]" is stuck at GND
    Warning (13410): Pin "LEDR[9]" is stuck at GND
    Warning (13410): Pin "LEDR[10]" is stuck at GND
    Warning (13410): Pin "LEDR[11]" is stuck at GND
    Warning (13410): Pin "LEDR[12]" is stuck at GND
    Warning (13410): Pin "LEDR[17]" is stuck at GND
    Warning (13410): Pin "HEX1[0]" is stuck at VCC
    Warning (13410): Pin "HEX1[1]" is stuck at VCC
    Warning (13410): Pin "HEX1[2]" is stuck at VCC
    Warning (13410): Pin "HEX1[3]" is stuck at VCC
    Warning (13410): Pin "HEX1[4]" is stuck at VCC
    Warning (13410): Pin "HEX1[5]" is stuck at VCC
    Warning (13410): Pin "HEX1[6]" is stuck at VCC
    Warning (13410): Pin "HEX2[0]" is stuck at VCC
    Warning (13410): Pin "HEX2[1]" is stuck at VCC
    Warning (13410): Pin "HEX2[2]" is stuck at VCC
    Warning (13410): Pin "HEX2[3]" is stuck at VCC
    Warning (13410): Pin "HEX2[4]" is stuck at VCC
    Warning (13410): Pin "HEX2[5]" is stuck at VCC
    Warning (13410): Pin "HEX2[6]" is stuck at VCC
    Warning (13410): Pin "HEX3[0]" is stuck at VCC
    Warning (13410): Pin "HEX3[1]" is stuck at VCC
    Warning (13410): Pin "HEX3[2]" is stuck at VCC
    Warning (13410): Pin "HEX3[3]" is stuck at VCC
    Warning (13410): Pin "HEX3[4]" is stuck at VCC
    Warning (13410): Pin "HEX3[5]" is stuck at VCC
    Warning (13410): Pin "HEX3[6]" is stuck at VCC
    Warning (13410): Pin "HEX5[0]" is stuck at VCC
    Warning (13410): Pin "HEX5[1]" is stuck at VCC
    Warning (13410): Pin "HEX5[2]" is stuck at VCC
    Warning (13410): Pin "HEX5[3]" is stuck at VCC
    Warning (13410): Pin "HEX5[4]" is stuck at VCC
    Warning (13410): Pin "HEX5[5]" is stuck at VCC
    Warning (13410): Pin "HEX5[6]" is stuck at VCC
    Warning (13410): Pin "HEX7[0]" is stuck at VCC
    Warning (13410): Pin "HEX7[1]" is stuck at VCC
    Warning (13410): Pin "HEX7[2]" is stuck at VCC
    Warning (13410): Pin "HEX7[3]" is stuck at VCC
    Warning (13410): Pin "HEX7[4]" is stuck at VCC
    Warning (13410): Pin "HEX7[5]" is stuck at VCC
    Warning (13410): Pin "HEX7[6]" is stuck at VCC
    Warning (13410): Pin "LCD_BLON" is stuck at GND
    Warning (13410): Pin "LCD_EN" is stuck at GND
    Warning (13410): Pin "LCD_ON" is stuck at GND
    Warning (13410): Pin "LCD_RS" is stuck at GND
    Warning (13410): Pin "LCD_RW" is stuck at GND
    Warning (13410): Pin "UART_CTS" is stuck at GND
    Warning (13410): Pin "UART_TXD" is stuck at GND
    Warning (13410): Pin "SD_CLK" is stuck at GND
    Warning (13410): Pin "VGA_B[0]" is stuck at GND
    Warning (13410): Pin "VGA_B[1]" is stuck at GND
    Warning (13410): Pin "VGA_B[2]" is stuck at GND
    Warning (13410): Pin "VGA_B[3]" is stuck at GND
    Warning (13410): Pin "VGA_B[4]" is stuck at GND
    Warning (13410): Pin "VGA_B[5]" is stuck at GND
    Warning (13410): Pin "VGA_B[6]" is stuck at GND
    Warning (13410): Pin "VGA_B[7]" is stuck at GND
    Warning (13410): Pin "VGA_BLANK_N" is stuck at GND
    Warning (13410): Pin "VGA_CLK" is stuck at GND
    Warning (13410): Pin "VGA_G[0]" is stuck at GND
    Warning (13410): Pin "VGA_G[1]" is stuck at GND
    Warning (13410): Pin "VGA_G[2]" is stuck at GND
    Warning (13410): Pin "VGA_G[3]" is stuck at GND
    Warning (13410): Pin "VGA_G[4]" is stuck at GND
    Warning (13410): Pin "VGA_G[5]" is stuck at GND
    Warning (13410): Pin "VGA_G[6]" is stuck at GND
    Warning (13410): Pin "VGA_G[7]" is stuck at GND
    Warning (13410): Pin "VGA_HS" is stuck at GND
    Warning (13410): Pin "VGA_R[0]" is stuck at GND
    Warning (13410): Pin "VGA_R[1]" is stuck at GND
    Warning (13410): Pin "VGA_R[2]" is stuck at GND
    Warning (13410): Pin "VGA_R[3]" is stuck at GND
    Warning (13410): Pin "VGA_R[4]" is stuck at GND
    Warning (13410): Pin "VGA_R[5]" is stuck at GND
    Warning (13410): Pin "VGA_R[6]" is stuck at GND
    Warning (13410): Pin "VGA_R[7]" is stuck at GND
    Warning (13410): Pin "VGA_SYNC_N" is stuck at GND
    Warning (13410): Pin "VGA_VS" is stuck at GND
    Warning (13410): Pin "AUD_DACDAT" is stuck at GND
    Warning (13410): Pin "AUD_XCK" is stuck at GND
    Warning (13410): Pin "EEP_I2C_SCLK" is stuck at GND
    Warning (13410): Pin "I2C_SCLK" is stuck at GND
    Warning (13410): Pin "ENET0_GTX_CLK" is stuck at GND
    Warning (13410): Pin "ENET0_MDC" is stuck at GND
    Warning (13410): Pin "ENET0_RST_N" is stuck at GND
    Warning (13410): Pin "ENET0_TX_DATA[0]" is stuck at GND
    Warning (13410): Pin "ENET0_TX_DATA[1]" is stuck at GND
    Warning (13410): Pin "ENET0_TX_DATA[2]" is stuck at GND
    Warning (13410): Pin "ENET0_TX_DATA[3]" is stuck at GND
    Warning (13410): Pin "ENET0_TX_EN" is stuck at GND
    Warning (13410): Pin "ENET0_TX_ER" is stuck at GND
    Warning (13410): Pin "ENET1_GTX_CLK" is stuck at GND
    Warning (13410): Pin "ENET1_MDC" is stuck at GND
    Warning (13410): Pin "ENET1_RST_N" is stuck at GND
    Warning (13410): Pin "ENET1_TX_DATA[0]" is stuck at GND
    Warning (13410): Pin "ENET1_TX_DATA[1]" is stuck at GND
    Warning (13410): Pin "ENET1_TX_DATA[2]" is stuck at GND
    Warning (13410): Pin "ENET1_TX_DATA[3]" is stuck at GND
    Warning (13410): Pin "ENET1_TX_EN" is stuck at GND
    Warning (13410): Pin "ENET1_TX_ER" is stuck at GND
    Warning (13410): Pin "TD_RESET_N" is stuck at GND
    Warning (13410): Pin "OTG_ADDR[0]" is stuck at GND
    Warning (13410): Pin "OTG_ADDR[1]" is stuck at GND
    Warning (13410): Pin "OTG_CS_N" is stuck at GND
    Warning (13410): Pin "OTG_WR_N" is stuck at GND
    Warning (13410): Pin "OTG_RD_N" is stuck at GND
    Warning (13410): Pin "OTG_RST_N" is stuck at GND
    Warning (13410): Pin "OTG_DACK_N[0]" is stuck at GND
    Warning (13410): Pin "OTG_DACK_N[1]" is stuck at GND
    Warning (13410): Pin "DRAM_ADDR[0]" is stuck at GND
    Warning (13410): Pin "DRAM_ADDR[1]" is stuck at GND
    Warning (13410): Pin "DRAM_ADDR[2]" is stuck at GND
    Warning (13410): Pin "DRAM_ADDR[3]" is stuck at GND
    Warning (13410): Pin "DRAM_ADDR[4]" is stuck at GND
    Warning (13410): Pin "DRAM_ADDR[5]" is stuck at GND
    Warning (13410): Pin "DRAM_ADDR[6]" is stuck at GND
    Warning (13410): Pin "DRAM_ADDR[7]" is stuck at GND
    Warning (13410): Pin "DRAM_ADDR[8]" is stuck at GND
    Warning (13410): Pin "DRAM_ADDR[9]" is stuck at GND
    Warning (13410): Pin "DRAM_ADDR[10]" is stuck at GND
    Warning (13410): Pin "DRAM_ADDR[11]" is stuck at GND
    Warning (13410): Pin "DRAM_ADDR[12]" is stuck at GND
    Warning (13410): Pin "DRAM_BA[0]" is stuck at GND
    Warning (13410): Pin "DRAM_BA[1]" is stuck at GND
    Warning (13410): Pin "DRAM_CAS_N" is stuck at GND
    Warning (13410): Pin "DRAM_CKE" is stuck at GND
    Warning (13410): Pin "DRAM_CLK" is stuck at GND
    Warning (13410): Pin "DRAM_CS_N" is stuck at GND
    Warning (13410): Pin "DRAM_DQM[0]" is stuck at GND
    Warning (13410): Pin "DRAM_DQM[1]" is stuck at GND
    Warning (13410): Pin "DRAM_DQM[2]" is stuck at GND
    Warning (13410): Pin "DRAM_DQM[3]" is stuck at GND
    Warning (13410): Pin "DRAM_RAS_N" is stuck at GND
    Warning (13410): Pin "DRAM_WE_N" is stuck at GND
    Warning (13410): Pin "SRAM_ADDR[0]" is stuck at GND
    Warning (13410): Pin "SRAM_ADDR[1]" is stuck at GND
    Warning (13410): Pin "SRAM_ADDR[2]" is stuck at GND
    Warning (13410): Pin "SRAM_ADDR[3]" is stuck at GND
    Warning (13410): Pin "SRAM_ADDR[4]" is stuck at GND
    Warning (13410): Pin "SRAM_ADDR[5]" is stuck at GND
    Warning (13410): Pin "SRAM_ADDR[6]" is stuck at GND
    Warning (13410): Pin "SRAM_ADDR[7]" is stuck at GND
    Warning (13410): Pin "SRAM_ADDR[8]" is stuck at GND
    Warning (13410): Pin "SRAM_ADDR[9]" is stuck at GND
    Warning (13410): Pin "SRAM_ADDR[10]" is stuck at GND
    Warning (13410): Pin "SRAM_ADDR[11]" is stuck at GND
    Warning (13410): Pin "SRAM_ADDR[12]" is stuck at GND
    Warning (13410): Pin "SRAM_ADDR[13]" is stuck at GND
    Warning (13410): Pin "SRAM_ADDR[14]" is stuck at GND
    Warning (13410): Pin "SRAM_ADDR[15]" is stuck at GND
    Warning (13410): Pin "SRAM_ADDR[16]" is stuck at GND
    Warning (13410): Pin "SRAM_ADDR[17]" is stuck at GND
    Warning (13410): Pin "SRAM_ADDR[18]" is stuck at GND
    Warning (13410): Pin "SRAM_ADDR[19]" is stuck at GND
    Warning (13410): Pin "SRAM_CE_N" is stuck at GND
    Warning (13410): Pin "SRAM_LB_N" is stuck at GND
    Warning (13410): Pin "SRAM_OE_N" is stuck at GND
    Warning (13410): Pin "SRAM_UB_N" is stuck at GND
    Warning (13410): Pin "SRAM_WE_N" is stuck at GND
    Warning (13410): Pin "FL_ADDR[0]" is stuck at GND
    Warning (13410): Pin "FL_ADDR[1]" is stuck at GND
    Warning (13410): Pin "FL_ADDR[2]" is stuck at GND
    Warning (13410): Pin "FL_ADDR[3]" is stuck at GND
    Warning (13410): Pin "FL_ADDR[4]" is stuck at GND
    Warning (13410): Pin "FL_ADDR[5]" is stuck at GND
    Warning (13410): Pin "FL_ADDR[6]" is stuck at GND
    Warning (13410): Pin "FL_ADDR[7]" is stuck at GND
    Warning (13410): Pin "FL_ADDR[8]" is stuck at GND
    Warning (13410): Pin "FL_ADDR[9]" is stuck at GND
    Warning (13410): Pin "FL_ADDR[10]" is stuck at GND
    Warning (13410): Pin "FL_ADDR[11]" is stuck at GND
    Warning (13410): Pin "FL_ADDR[12]" is stuck at GND
    Warning (13410): Pin "FL_ADDR[13]" is stuck at GND
    Warning (13410): Pin "FL_ADDR[14]" is stuck at GND
    Warning (13410): Pin "FL_ADDR[15]" is stuck at GND
    Warning (13410): Pin "FL_ADDR[16]" is stuck at GND
    Warning (13410): Pin "FL_ADDR[17]" is stuck at GND
    Warning (13410): Pin "FL_ADDR[18]" is stuck at GND
    Warning (13410): Pin "FL_ADDR[19]" is stuck at GND
    Warning (13410): Pin "FL_ADDR[20]" is stuck at GND
    Warning (13410): Pin "FL_ADDR[21]" is stuck at GND
    Warning (13410): Pin "FL_ADDR[22]" is stuck at GND
    Warning (13410): Pin "FL_CE_N" is stuck at GND
    Warning (13410): Pin "FL_OE_N" is stuck at GND
    Warning (13410): Pin "FL_RST_N" is stuck at GND
    Warning (13410): Pin "FL_WE_N" is stuck at GND
    Warning (13410): Pin "FL_WP_N" is stuck at GND
    Warning (13410): Pin "HSMC_CLKOUT_P1" is stuck at GND
    Warning (13410): Pin "HSMC_CLKOUT_P2" is stuck at GND
    Warning (13410): Pin "HSMC_CLKOUT0" is stuck at GND
    Warning (13410): Pin "HSMC_TX_D_P[0]" is stuck at GND
    Warning (13410): Pin "HSMC_TX_D_P[1]" is stuck at GND
    Warning (13410): Pin "HSMC_TX_D_P[2]" is stuck at GND
    Warning (13410): Pin "HSMC_TX_D_P[3]" is stuck at GND
    Warning (13410): Pin "HSMC_TX_D_P[4]" is stuck at GND
    Warning (13410): Pin "HSMC_TX_D_P[5]" is stuck at GND
    Warning (13410): Pin "HSMC_TX_D_P[6]" is stuck at GND
    Warning (13410): Pin "HSMC_TX_D_P[7]" is stuck at GND
    Warning (13410): Pin "HSMC_TX_D_P[8]" is stuck at GND
    Warning (13410): Pin "HSMC_TX_D_P[9]" is stuck at GND
    Warning (13410): Pin "HSMC_TX_D_P[10]" is stuck at GND
    Warning (13410): Pin "HSMC_TX_D_P[11]" is stuck at GND
    Warning (13410): Pin "HSMC_TX_D_P[12]" is stuck at GND
    Warning (13410): Pin "HSMC_TX_D_P[13]" is stuck at GND
    Warning (13410): Pin "HSMC_TX_D_P[14]" is stuck at GND
    Warning (13410): Pin "HSMC_TX_D_P[15]" is stuck at GND
    Warning (13410): Pin "HSMC_TX_D_P[16]" is stuck at GND
Info (286031): Timing-Driven Synthesis is running on partition "Top"
Info (35026): Attempting to remove 58 I/O cell(s) that do not connect to top-level pins or have illegal connectivity
    Info (35027): Removed I/O cell "JtagForDebug:jtagForDebug_inst|oBSR_Select[0]~output"
    Info (35027): Removed I/O cell "JtagForDebug:jtagForDebug_inst|oBSR_Select[0]"
    Info (35027): Removed I/O cell "JtagForDebug:jtagForDebug_inst|oBSR_Select[1]~output"
    Info (35027): Removed I/O cell "JtagForDebug:jtagForDebug_inst|oBSR_Select[1]"
    Info (35027): Removed I/O cell "JtagForDebug:jtagForDebug_inst|oBSR_Select[2]~output"
    Info (35027): Removed I/O cell "JtagForDebug:jtagForDebug_inst|oBSR_Select[2]"
    Info (35027): Removed I/O cell "JtagForDebug:jtagForDebug_inst|oBSR_Select[3]~output"
    Info (35027): Removed I/O cell "JtagForDebug:jtagForDebug_inst|oBSR_Select[3]"
    Info (35027): Removed I/O cell "JtagForDebug:jtagForDebug_inst|oBSR_Select[4]~output"
    Info (35027): Removed I/O cell "JtagForDebug:jtagForDebug_inst|oBSR_Select[4]"
    Info (35027): Removed I/O cell "JtagForDebug:jtagForDebug_inst|oBSR_Select[5]~output"
    Info (35027): Removed I/O cell "JtagForDebug:jtagForDebug_inst|oBSR_Select[5]"
    Info (35027): Removed I/O cell "JtagForDebug:jtagForDebug_inst|oBSR_Select[6]~output"
    Info (35027): Removed I/O cell "JtagForDebug:jtagForDebug_inst|oBSR_Select[6]"
    Info (35027): Removed I/O cell "JtagForDebug:jtagForDebug_inst|oBSR_Select[7]~output"
    Info (35027): Removed I/O cell "JtagForDebug:jtagForDebug_inst|oBSR_Select[7]"
    Info (35027): Removed I/O cell "JtagForDebug:jtagForDebug_inst|oBSR_Select[8]~output"
    Info (35027): Removed I/O cell "JtagForDebug:jtagForDebug_inst|oBSR_Select[8]"
    Info (35027): Removed I/O cell "JtagForDebug:jtagForDebug_inst|oBSR_Select[9]~output"
    Info (35027): Removed I/O cell "JtagForDebug:jtagForDebug_inst|oBSR_Select[9]"
    Info (35027): Removed I/O cell "JtagForDebug:jtagForDebug_inst|oBSR_Select[10]~output"
    Info (35027): Removed I/O cell "JtagForDebug:jtagForDebug_inst|oBSR_Select[10]"
    Info (35027): Removed I/O cell "JtagForDebug:jtagForDebug_inst|oShiftDR~output"
    Info (35027): Removed I/O cell "JtagForDebug:jtagForDebug_inst|oShiftDR"
    Info (35027): Removed I/O cell "JtagForDebug:jtagForDebug_inst|oCaptureDR~output"
    Info (35027): Removed I/O cell "JtagForDebug:jtagForDebug_inst|oCaptureDR"
    Info (35027): Removed I/O cell "JtagForDebug:jtagForDebug_inst|oUpdateDR~output"
    Info (35027): Removed I/O cell "JtagForDebug:jtagForDebug_inst|oUpdateDR"
    Info (35027): Removed I/O cell "JtagForDebug:jtagForDebug_inst|oMode~output"
    Info (35027): Removed I/O cell "JtagForDebug:jtagForDebug_inst|oMode"
    Info (35027): Removed I/O cell "JtagForDebug:jtagForDebug_inst|oJTAG_Reset~output"
    Info (35027): Removed I/O cell "JtagForDebug:jtagForDebug_inst|oJTAG_Reset"
    Info (35027): Removed I/O cell "JtagForDebug:jtagForDebug_inst|iBSR_ScanOut[10]~input"
    Info (35027): Removed I/O cell "JtagForDebug:jtagForDebug_inst|iBSR_ScanOut[10]"
    Info (35027): Removed I/O cell "JtagForDebug:jtagForDebug_inst|iBSR_ScanOut[9]~input"
    Info (35027): Removed I/O cell "JtagForDebug:jtagForDebug_inst|iBSR_ScanOut[9]"
    Info (35027): Removed I/O cell "JtagForDebug:jtagForDebug_inst|iBSR_ScanOut[8]~input"
    Info (35027): Removed I/O cell "JtagForDebug:jtagForDebug_inst|iBSR_ScanOut[8]"
    Info (35027): Removed I/O cell "JtagForDebug:jtagForDebug_inst|iBSR_ScanOut[7]~input"
    Info (35027): Removed I/O cell "JtagForDebug:jtagForDebug_inst|iBSR_ScanOut[7]"
    Info (35027): Removed I/O cell "JtagForDebug:jtagForDebug_inst|iBSR_ScanOut[6]~input"
    Info (35027): Removed I/O cell "JtagForDebug:jtagForDebug_inst|iBSR_ScanOut[6]"
    Info (35027): Removed I/O cell "JtagForDebug:jtagForDebug_inst|iBSR_ScanOut[5]~input"
    Info (35027): Removed I/O cell "JtagForDebug:jtagForDebug_inst|iBSR_ScanOut[5]"
    Info (35027): Removed I/O cell "JtagForDebug:jtagForDebug_inst|iBSR_ScanOut[4]~input"
    Info (35027): Removed I/O cell "JtagForDebug:jtagForDebug_inst|iBSR_ScanOut[4]"
    Info (35027): Removed I/O cell "JtagForDebug:jtagForDebug_inst|iBSR_ScanOut[3]~input"
    Info (35027): Removed I/O cell "JtagForDebug:jtagForDebug_inst|iBSR_ScanOut[3]"
    Info (35027): Removed I/O cell "JtagForDebug:jtagForDebug_inst|iBSR_ScanOut[2]~input"
    Info (35027): Removed I/O cell "JtagForDebug:jtagForDebug_inst|iBSR_ScanOut[2]"
    Info (35027): Removed I/O cell "JtagForDebug:jtagForDebug_inst|iBSR_ScanOut[1]~input"
    Info (35027): Removed I/O cell "JtagForDebug:jtagForDebug_inst|iBSR_ScanOut[1]"
    Info (35027): Removed I/O cell "JtagForDebug:jtagForDebug_inst|iBSR_ScanOut[0]~input"
    Info (35027): Removed I/O cell "JtagForDebug:jtagForDebug_inst|iBSR_ScanOut[0]"
    Info (35027): Removed I/O cell "JtagForDebug:jtagForDebug_inst|iTDI~input"
    Info (35027): Removed I/O cell "JtagForDebug:jtagForDebug_inst|iTDI"
    Info (35027): Removed I/O cell "JtagForDebug:jtagForDebug_inst|iTCK~input"
    Info (35027): Removed I/O cell "JtagForDebug:jtagForDebug_inst|iTCK"
Info (16010): Generating hard_block partition "hard_block:auto_generated_inst"
    Info (16011): Adding 0 node(s), including 0 DDIO, 0 PLL, 0 transceiver and 0 LCELL
Warning (21074): Design contains 71 input pin(s) that do not drive logic
    Warning (15610): No output dependent on input pin "CLOCK_50"
    Warning (15610): No output dependent on input pin "CLOCK2_50"
    Warning (15610): No output dependent on input pin "CLOCK3_50"
    Warning (15610): No output dependent on input pin "ENETCLK_25"
    Warning (15610): No output dependent on input pin "SMA_CLKIN"
    Warning (15610): No output dependent on input pin "UART_RTS"
    Warning (15610): No output dependent on input pin "UART_RXD"
    Warning (15610): No output dependent on input pin "SD_WP_N"
    Warning (15610): No output dependent on input pin "AUD_ADCDAT"
    Warning (15610): No output dependent on input pin "ENET0_INT_N"
    Warning (15610): No output dependent on input pin "ENET0_RX_CLK"
    Warning (15610): No output dependent on input pin "ENET0_RX_COL"
    Warning (15610): No output dependent on input pin "ENET0_RX_CRS"
    Warning (15610): No output dependent on input pin "ENET0_RX_DATA[0]"
    Warning (15610): No output dependent on input pin "ENET0_RX_DATA[1]"
    Warning (15610): No output dependent on input pin "ENET0_RX_DATA[2]"
    Warning (15610): No output dependent on input pin "ENET0_RX_DATA[3]"
    Warning (15610): No output dependent on input pin "ENET0_RX_DV"
    Warning (15610): No output dependent on input pin "ENET0_RX_ER"
    Warning (15610): No output dependent on input pin "ENET0_TX_CLK"
    Warning (15610): No output dependent on input pin "ENET0_LINK100"
    Warning (15610): No output dependent on input pin "ENET1_INT_N"
    Warning (15610): No output dependent on input pin "ENET1_RX_CLK"
    Warning (15610): No output dependent on input pin "ENET1_RX_COL"
    Warning (15610): No output dependent on input pin "ENET1_RX_CRS"
    Warning (15610): No output dependent on input pin "ENET1_RX_DATA[0]"
    Warning (15610): No output dependent on input pin "ENET1_RX_DATA[1]"
    Warning (15610): No output dependent on input pin "ENET1_RX_DATA[2]"
    Warning (15610): No output dependent on input pin "ENET1_RX_DATA[3]"
    Warning (15610): No output dependent on input pin "ENET1_RX_DV"
    Warning (15610): No output dependent on input pin "ENET1_RX_ER"
    Warning (15610): No output dependent on input pin "ENET1_TX_CLK"
    Warning (15610): No output dependent on input pin "ENET1_LINK100"
    Warning (15610): No output dependent on input pin "TD_CLK27"
    Warning (15610): No output dependent on input pin "TD_DATA[0]"
    Warning (15610): No output dependent on input pin "TD_DATA[1]"
    Warning (15610): No output dependent on input pin "TD_DATA[2]"
    Warning (15610): No output dependent on input pin "TD_DATA[3]"
    Warning (15610): No output dependent on input pin "TD_DATA[4]"
    Warning (15610): No output dependent on input pin "TD_DATA[5]"
    Warning (15610): No output dependent on input pin "TD_DATA[6]"
    Warning (15610): No output dependent on input pin "TD_DATA[7]"
    Warning (15610): No output dependent on input pin "TD_HS"
    Warning (15610): No output dependent on input pin "TD_VS"
    Warning (15610): No output dependent on input pin "OTG_INT[0]"
    Warning (15610): No output dependent on input pin "OTG_INT[1]"
    Warning (15610): No output dependent on input pin "OTG_DREQ[0]"
    Warning (15610): No output dependent on input pin "OTG_DREQ[1]"
    Warning (15610): No output dependent on input pin "IRDA_RXD"
    Warning (15610): No output dependent on input pin "FL_RY"
    Warning (15610): No output dependent on input pin "HSMC_CLKIN_P1"
    Warning (15610): No output dependent on input pin "HSMC_CLKIN_P2"
    Warning (15610): No output dependent on input pin "HSMC_CLKIN0"
    Warning (15610): No output dependent on input pin "HSMC_RX_D_P[0]"
    Warning (15610): No output dependent on input pin "HSMC_RX_D_P[1]"
    Warning (15610): No output dependent on input pin "HSMC_RX_D_P[2]"
    Warning (15610): No output dependent on input pin "HSMC_RX_D_P[3]"
    Warning (15610): No output dependent on input pin "HSMC_RX_D_P[4]"
    Warning (15610): No output dependent on input pin "HSMC_RX_D_P[5]"
    Warning (15610): No output dependent on input pin "HSMC_RX_D_P[6]"
    Warning (15610): No output dependent on input pin "HSMC_RX_D_P[7]"
    Warning (15610): No output dependent on input pin "HSMC_RX_D_P[8]"
    Warning (15610): No output dependent on input pin "HSMC_RX_D_P[9]"
    Warning (15610): No output dependent on input pin "HSMC_RX_D_P[10]"
    Warning (15610): No output dependent on input pin "HSMC_RX_D_P[11]"
    Warning (15610): No output dependent on input pin "HSMC_RX_D_P[12]"
    Warning (15610): No output dependent on input pin "HSMC_RX_D_P[13]"
    Warning (15610): No output dependent on input pin "HSMC_RX_D_P[14]"
    Warning (15610): No output dependent on input pin "HSMC_RX_D_P[15]"
    Warning (15610): No output dependent on input pin "HSMC_RX_D_P[16]"
    Warning (15610): No output dependent on input pin "JTRST_n"
Info (21057): Implemented 756 device resources after synthesis - the final resource count might be different
    Info (21058): Implemented 97 input pins
    Info (21059): Implemented 252 output pins
    Info (21060): Implemented 138 bidirectional pins
    Info (21061): Implemented 268 logic cells
Info: Quartus II 64-Bit Analysis & Synthesis was successful. 0 errors, 396 warnings
    Info: Peak virtual memory: 4608 megabytes
    Info: Processing ended: Wed Oct 19 19:34:56 2022
    Info: Elapsed time: 00:00:02
    Info: Total CPU time (on all processors): 00:00:02


